
SQL*Loader: Release 19.0.0.0.0 - Production on Sat Aug 13 16:55:50 2022
Version 19.3.0.0.0

Copyright (c) 1982, 2019, Oracle and/or its affiliates.  All rights reserved.

Control File:   Control.txt
Data File:      C:\Users\375740\Documents\UiPath\E_Sec AMC penalty calculation\Final_Report\Wip Final Report.csv
  Bad File:     Wip Final Report.bad
  Discard File:  none specified
 
 (Allow all discards)

Number to load: ALL
Number to skip: 1
Errors allowed: 50
Continuation:    none specified
Path used:      Direct

Table TBL_AMC_PENALTY1, loaded from every logical record.
Insert option in effect for this table: APPEND
TRAILING NULLCOLS option in effect

   Column Name                  Position   Len  Term Encl Datatype
------------------------------ ---------- ----- ---- ---- ---------------------
COMPLAINT_NO                        FIRST     *   ,  O(") CHARACTER            
CUSTOMER_ID                          NEXT     *   ,  O(") CHARACTER            
CUSTOMER_NAME                        NEXT     *   ,  O(") CHARACTER            
COMPLAINT_DESCRIPTION                NEXT     *   ,  O(") CHARACTER            
COMPLAINT_TYPE                       NEXT     *   ,  O(") CHARACTER            
EQUIPMENT_TYPE                       NEXT     *   ,  O(") CHARACTER            
PRIORITY_TYPE                        NEXT     *   ,  O(") CHARACTER            
COMPLAINT_DATE                       NEXT     *   ,  O(") CHARACTER            
ASSIGNED_DATE                        NEXT     *   ,  O(") CHARACTER            
WIPDATE_TIME                         NEXT     *   ,  O(") CHARACTER            
WIP_AGE                              NEXT     *   ,  O(") CHARACTER            
CLOSE_DATE                           NEXT     *   ,  O(") CHARACTER            
VENDOR_NAME                          NEXT     *   ,  O(") CHARACTER            
RESOLUTION_TYPE                      NEXT     *   ,  O(") CHARACTER            
COMPLAINT_AGE                        NEXT     *   ,  O(") CHARACTER            
PORELEASE_DATE                       NEXT     *   ,  O(") CHARACTER            
PORELEASE_AGE                        NEXT     *   ,  O(") CHARACTER            
MATERIAL_DELIVERY_DATE               NEXT     *   ,  O(") CHARACTER            
MTD_AGE                              NEXT     *   ,  O(") CHARACTER            
WORK_CLOSER_DATE                     NEXT     *   ,  O(") CHARACTER            
COMMENT_DATE                         NEXT     *   ,  O(") CHARACTER            
COMMENTS                             NEXT     *   ,  O(") CHARACTER            
WIP_VENDOR_ENGINNER_LOGDATE          NEXT     *   ,  O(") CHARACTER            
WEAGE                                NEXT     *   ,  O(") CHARACTER            


Table TBL_AMC_PENALTY1:
  74 Rows successfully loaded.
  0 Rows not loaded due to data errors.
  0 Rows not loaded because all WHEN clauses were failed.
  0 Rows not loaded because all fields were null.

Bind array size not used in direct path.
Column array  rows :    5000
Stream buffer bytes:  256000
Read   buffer bytes: 1048576

Total logical records skipped:          1
Total logical records read:            74
Total logical records rejected:         0
Total logical records discarded:        0
Total stream buffers loaded by SQL*Loader main thread:        1
Total stream buffers loaded by SQL*Loader load thread:        0

Run began on Sat Aug 13 16:55:50 2022
Run ended on Sat Aug 13 16:55:53 2022

Elapsed time was:     00:00:03.19
CPU time was:         00:00:00.53
